<?xml version="1.0" encoding="UTF-8"?>
<!-- Generated by org.testng.reporters.JUnitXMLReporter -->
<testsuite ignored="0" hostname="DESKTOP-LOK0ITO" failures="0" tests="3" name="Default test" time="43.693" errors="0" timestamp="2022-05-11T03:07:09 IST">
  <testcase classname="Automation.Assignment.test1" name="DropdownItemValidation" time="3.881"/>
  <testcase classname="Automation.Assignment.test1" name="homePageLinkTextValidtion" time="0.327"/>
  <testcase classname="Automation.Assignment.test1" name="searchProduct" time="14.974"/>
</testsuite> <!-- Default test -->
